<?xml version="1.0" encoding="UTF-8"?>
<!-- Generated by org.testng.reporters.JUnitReportReporter -->
<testsuite hostname="DESKTOP-5EDC9RL" failures="0" tests="1" name="cucumberOptions.TestNgRunner" time="5.744" errors="0" timestamp="2023-10-11T20:08:07 IST" skipped="0">
  <testcase classname="cucumberOptions.TestNgRunner" name="runScenario" time="5.744"/>
</testsuite> <!-- cucumberOptions.TestNgRunner -->
